[0m17:23:12.106920 [debug] [MainThread]: Sending event: {'category': 'dbt', 'action': 'invocation', 'label': 'start', 'context': [<snowplow_tracker.self_describing_json.SelfDescribingJson object at 0x000001EC796D9B50>, <snowplow_tracker.self_describing_json.SelfDescribingJson object at 0x000001EC796DAE90>, <snowplow_tracker.self_describing_json.SelfDescribingJson object at 0x000001EC796DB410>]}


============================== 17:23:12.113963 | 8317d625-bd70-4078-ba35-b00df939109e ==============================
[0m17:23:12.113963 [info ] [MainThread]: Running with dbt=1.8.2
[0m17:23:12.115918 [debug] [MainThread]: running dbt with arguments {'printer_width': '80', 'indirect_selection': 'eager', 'log_cache_events': 'False', 'write_json': 'True', 'partial_parse': 'True', 'cache_selected_only': 'False', 'profiles_dir': 'C:\\Users\\user\\.dbt', 'version_check': 'True', 'warn_error': 'None', 'log_path': 'logs', 'fail_fast': 'False', 'debug': 'False', 'use_colors': 'True', 'use_experimental_parser': 'False', 'no_print': 'None', 'quiet': 'False', 'warn_error_options': 'WarnErrorOptions(include=[], exclude=[])', 'introspect': 'True', 'static_parser': 'True', 'invocation_command': 'dbt init lowprice', 'target_path': 'None', 'log_format': 'default', 'send_anonymous_usage_stats': 'True'}
[0m17:23:12.173765 [debug] [MainThread]: Starter project path: C:\Users\user\AppData\Local\Programs\Python\Python311\Lib\site-packages\dbt\include\starter_project
[0m17:23:12.247762 [info ] [MainThread]: 
Your new dbt project "lowprice" was created!

For more information on how to configure the profiles.yml file,
please consult the dbt documentation here:

  https://docs.getdbt.com/docs/configure-your-profile

One more thing:

Need help? Don't hesitate to reach out to us via GitHub issues or on Slack:

  https://community.getdbt.com/

Happy modeling!

[0m17:23:12.251801 [info ] [MainThread]: Setting up your profile.
[0m17:23:19.965407 [debug] [MainThread]: Redshift adapter: Setting redshift_connector to ERROR
[0m17:23:19.965975 [debug] [MainThread]: Redshift adapter: Setting redshift_connector.core to ERROR
[0m17:27:34.956201 [info ] [MainThread]: Profile lowprice written to C:\Users\user\.dbt\profiles.yml using target's profile_template.yml and your supplied values. Run 'dbt debug' to validate the connection.
[0m17:27:34.959213 [debug] [MainThread]: Command `dbt init` succeeded at 17:27:34.959213 after 262.95 seconds
[0m17:27:34.960202 [debug] [MainThread]: Sending event: {'category': 'dbt', 'action': 'invocation', 'label': 'end', 'context': [<snowplow_tracker.self_describing_json.SelfDescribingJson object at 0x000001EC7343D210>, <snowplow_tracker.self_describing_json.SelfDescribingJson object at 0x000001EC733C1050>, <snowplow_tracker.self_describing_json.SelfDescribingJson object at 0x000001EC733C0490>]}
[0m17:27:34.961202 [debug] [MainThread]: Flushing usage events
